Assembler report for xlr8_top
Wed Nov 30 11:23:04 2016
Quartus Prime Version 15.1.0 Build 185 10/21/2015 SJ Lite Edition


---------------------
; Table of Contents ;
---------------------
  1. Legal Notice
  2. Assembler Summary
  3. Assembler Settings
  4. Assembler Encrypted IP Cores Summary
  5. Assembler Generated Files
  6. Assembler Device Options: xlr8_top.sof
  7. Assembler Messages



----------------
; Legal Notice ;
----------------
Copyright (C) 1991-2015 Altera Corporation. All rights reserved.
Your use of Altera Corporation's design tools, logic functions 
and other software and tools, and its AMPP partner logic 
functions, and any output files from any of the foregoing 
(including device programming or simulation files), and any 
associated documentation or information are expressly subject 
to the terms and conditions of the Altera Program License 
Subscription Agreement, the Altera Quartus Prime License Agreement,
the Altera MegaCore Function License Agreement, or other 
applicable license agreement, including, without limitation, 
that your use is for the sole purpose of programming logic 
devices manufactured by Altera and sold by Altera or its 
authorized distributors.  Please refer to the applicable 
agreement for further details.



+---------------------------------------------------------------+
; Assembler Summary                                             ;
+-----------------------+---------------------------------------+
; Assembler Status      ; Successful - Wed Nov 30 11:23:04 2016 ;
; Revision Name         ; xlr8_top                              ;
; Top-level Entity Name ; xlr8_top                              ;
; Family                ; MAX 10                                ;
; Device                ; 10M08SAU169C8G                        ;
+-----------------------+---------------------------------------+


+----------------------------------+
; Assembler Settings               ;
+--------+---------+---------------+
; Option ; Setting ; Default Value ;
+--------+---------+---------------+


+---------------------------------------------+
; Assembler Encrypted IP Cores Summary        ;
+--------+---------------------+--------------+
; Vendor ; IP Core Name        ; License Type ;
+--------+---------------------+--------------+
; Altera ; Unknown (6AF7 2013) ; Licensed     ;
; Altera ; Unknown (6AF7 FFFF) ; Licensed     ;
+--------+---------------------+--------------+


+---------------------------+
; Assembler Generated Files ;
+---------------------------+
; File Name                 ;
+---------------------------+
; xlr8_top.sof              ;
+---------------------------+


+----------------------------------------+
; Assembler Device Options: xlr8_top.sof ;
+----------------+-----------------------+
; Option         ; Setting               ;
+----------------+-----------------------+
; Device         ; 10M08SAU169C8G        ;
; JTAG usercode  ; 0x00455204            ;
; Checksum       ; 0x00455204            ;
+----------------+-----------------------+


+--------------------+
; Assembler Messages ;
+--------------------+
Info: *******************************************************************
Info: Running Quartus Prime Assembler
    Info: Version 15.1.0 Build 185 10/21/2015 SJ Lite Edition
    Info: Processing started: Wed Nov 30 11:22:59 2016
Info: Command: quartus_asm --read_settings_files=off --write_settings_files=off xlr8_top -c xlr8_top
Info (115031): Writing out detailed assembly data for power analysis
Info (115030): Assembler is generating device programming files
Warning (12914): The file, /home/crakerbr/Arduino/libraries/XLR8Core/extras/rtl/ip/int_osc/int_osc.sopcinfo, is not embedded into sof file as expected.  Some tools, such as System Console, may not function fully.
Info: Quartus Prime Assembler was successful. 0 errors, 1 warning
    Info: Peak virtual memory: 1130 megabytes
    Info: Processing ended: Wed Nov 30 11:23:04 2016
    Info: Elapsed time: 00:00:05
    Info: Total CPU time (on all processors): 00:00:04


